<?xml version="1.0" encoding="UTF-8"?>
<testsuite xmlns:xsi="http://www.w3.org/2001/XMLSchema-instance" xsi:noNamespaceSchemaLocation="https://maven.apache.org/surefire/maven-surefire-plugin/xsd/surefire-test-report-3.0.xsd" version="3.0" name="com.dogmax.bookshelf.BookshelfApplicationTests" time="8.48" tests="1" errors="0" skipped="0" failures="0">
  <properties>
[...]
</properties>
  <testcase name="contextLoads" classname="com.dogmax.bookshelf.BookshelfApplicationTests" time="0.364">
    <system-out><![CDATA[10:58:48.309 [main] INFO org.springframework.test.context.support.AnnotationConfigContextLoaderUtils -- Could not detect default configuration classes for test class [com.dogmax.bookshelf.BookshelfApplicationTests]: BookshelfApplicationTests does not declare any static, non-private, non-final, nested classes annotated with @Configuration.
10:58:48.373 [main] INFO org.springframework.boot.test.context.SpringBootTestContextBootstrapper -- Found @SpringBootConfiguration com.dogmax.bookshelf.BookshelfApplication for test class com.dogmax.bookshelf.BookshelfApplicationTests

  .   ____          _            __ _ _
 /\\ / ___'_ __ _ _(_)_ __  __ _ \ \ \ \
( ( )\___ | '_ | '_| | '_ \/ _` | \ \ \ \
 \\/  ___)| |_)| | | | | || (_| |  ) ) ) )
  '  |____| .__|_| |_|_| |_\__, | / / / /
 =========|_|==============|___/=/_/_/_/
 :: Spring Boot ::                (v3.1.4)

2023-10-30T10:58:48.653+02:00  INFO 78006 --- [           main] c.d.bookshelf.BookshelfApplicationTests  : Starting BookshelfApplicationTests using Java 17.0.4 with PID 78006 (started by Maxim in /Users/Maxim/Documents/Java_Development/KHNURE/bookshelf)
2023-10-30T10:58:48.655+02:00  INFO 78006 --- [           main] c.d.bookshelf.BookshelfApplicationTests  : No active profile set, falling back to 1 default profile: "default"
2023-10-30T10:58:49.423+02:00  INFO 78006 --- [           main] .s.d.r.c.RepositoryConfigurationDelegate : Bootstrapping Spring Data JPA repositories in DEFAULT mode.
2023-10-30T10:58:49.477+02:00  INFO 78006 --- [           main] .s.d.r.c.RepositoryConfigurationDelegate : Finished Spring Data repository scanning in 49 ms. Found 10 JPA repository interfaces.
2023-10-30T10:58:49.792+02:00  INFO 78006 --- [           main] o.hibernate.jpa.internal.util.LogHelper  : HHH000204: Processing PersistenceUnitInfo [name: default]
2023-10-30T10:58:49.831+02:00  INFO 78006 --- [           main] org.hibernate.Version                    : HHH000412: Hibernate ORM core version 6.2.9.Final
2023-10-30T10:58:49.833+02:00  INFO 78006 --- [           main] org.hibernate.cfg.Environment            : HHH000406: Using bytecode reflection optimizer
2023-10-30T10:58:49.928+02:00  INFO 78006 --- [           main] o.h.b.i.BytecodeProviderInitiator        : HHH000021: Bytecode provider name : bytebuddy
2023-10-30T10:58:50.019+02:00  INFO 78006 --- [           main] o.s.o.j.p.SpringPersistenceUnitInfo      : No LoadTimeWeaver setup: ignoring JPA class transformer
2023-10-30T10:58:50.035+02:00  INFO 78006 --- [           main] com.zaxxer.hikari.HikariDataSource       : HikariPool-1 - Starting...
2023-10-30T10:58:50.425+02:00  INFO 78006 --- [           main] com.zaxxer.hikari.pool.HikariPool        : HikariPool-1 - Added connection com.mysql.cj.jdbc.ConnectionImpl@51d8f2f2
2023-10-30T10:58:50.427+02:00  INFO 78006 --- [           main] com.zaxxer.hikari.HikariDataSource       : HikariPool-1 - Start completed.
2023-10-30T10:58:50.491+02:00  WARN 78006 --- [           main] org.hibernate.dialect.Dialect            : HHH000511: The 5.5.0 version for [org.hibernate.dialect.MySQLDialect] is no longer supported, hence certain features may not work properly. The minimum supported version is 5.7.0. Check the community dialects project for available legacy versions.
2023-10-30T10:58:50.657+02:00  INFO 78006 --- [           main] o.h.b.i.BytecodeProviderInitiator        : HHH000021: Bytecode provider name : bytebuddy
2023-10-30T10:58:51.281+02:00  INFO 78006 --- [           main] o.h.e.t.j.p.i.JtaPlatformInitiator       : HHH000490: Using JtaPlatform implementation: [org.hibernate.engine.transaction.jta.platform.internal.NoJtaPlatform]
Hibernate: create table author (id bigint not null auto_increment, first_name varchar(255), last_name varchar(255), middle_name varchar(255), primary key (id)) engine=InnoDB
Hibernate: create table book (id bigint not null auto_increment, cover_image_link varchar(255), description varchar(255), isbn varchar(255), name varchar(255), price decimal(38,2), publication_year integer, quantity decimal(38,2), rating decimal(38,2), primary key (id)) engine=InnoDB
Hibernate: create table books_authors (book_id bigint not null, author_id bigint not null, primary key (book_id, author_id)) engine=InnoDB
Hibernate: create table books_formats (book_id bigint not null, format_id bigint not null, primary key (book_id, format_id)) engine=InnoDB
Hibernate: create table books_genres (book_id bigint not null, genre_id bigint not null, primary key (book_id, genre_id)) engine=InnoDB
Hibernate: create table books_languages (book_id bigint not null, language_id bigint not null, primary key (book_id, language_id)) engine=InnoDB
Hibernate: create table format (id bigint not null auto_increment, format varchar(255), primary key (id)) engine=InnoDB
Hibernate: create table genre (id bigint not null auto_increment, genre varchar(255), primary key (id)) engine=InnoDB
Hibernate: create table language (id bigint not null auto_increment, language varchar(255), primary key (id)) engine=InnoDB
Hibernate: create table order_item (id bigint not null auto_increment, quantity decimal(38,2), sum decimal(38,2), book_id bigint, primary key (id)) engine=InnoDB
Hibernate: create table orders (id bigint not null auto_increment, status varchar(255), primary key (id)) engine=InnoDB
Hibernate: create table orders_order_items (order_id bigint not null, order_item_id bigint not null) engine=InnoDB
Hibernate: create table rating (id bigint not null auto_increment, mark decimal(38,2), book_id bigint, primary key (id)) engine=InnoDB
Hibernate: create table role (id bigint not null auto_increment, role varchar(255), primary key (id)) engine=InnoDB
Hibernate: create table users (id bigint not null auto_increment, login varchar(255), password varchar(255), status varchar(255), primary key (id)) engine=InnoDB
Hibernate: create table users_orders (user_id bigint not null, order_id bigint not null) engine=InnoDB
Hibernate: create table users_roles (user_id bigint not null, role_id bigint not null) engine=InnoDB
Hibernate: alter table order_item drop index UK_f67xlaxtwr6wwab7u7mxndi5s
Hibernate: alter table order_item add constraint UK_f67xlaxtwr6wwab7u7mxndi5s unique (book_id)
Hibernate: alter table orders_order_items drop index UK_b9goi72xssulsplfubt1rdi0s
Hibernate: alter table orders_order_items add constraint UK_b9goi72xssulsplfubt1rdi0s unique (order_item_id)
Hibernate: alter table users_orders drop index UK_24ddthefbxfibp1wa2gfb18ue
Hibernate: alter table users_orders add constraint UK_24ddthefbxfibp1wa2gfb18ue unique (order_id)
Hibernate: alter table books_authors add constraint FKov77rfnon6gwd8emlsah05qty foreign key (author_id) references author (id)
Hibernate: alter table books_authors add constraint FK6ojkw2gy23xsgdkqih628favt foreign key (book_id) references book (id)
Hibernate: alter table books_formats add constraint FKlmwr0o4d4mwtpfpl2efqpup47 foreign key (format_id) references format (id)
Hibernate: alter table books_formats add constraint FKfwydf52vjww7b7n6pu0ca7aaq foreign key (book_id) references book (id)
Hibernate: alter table books_genres add constraint FKm0yqdd4t2neamf9s7pe9pqg19 foreign key (genre_id) references genre (id)
Hibernate: alter table books_genres add constraint FKih47hjfsl8cfacjhocsvbipfe foreign key (book_id) references book (id)
Hibernate: alter table books_languages add constraint FKtftc8brci5d89mgpwll13sjc8 foreign key (language_id) references language (id)
Hibernate: alter table books_languages add constraint FKcsky2tr3gvhsm2ywddesf4w1a foreign key (book_id) references book (id)
Hibernate: alter table order_item add constraint FKb033an1f8qmpbnfl0a6jb5njs foreign key (book_id) references book (id)
Hibernate: alter table orders_order_items add constraint FKqy45n39rqnmg7hq4v5ql98pb1 foreign key (order_item_id) references order_item (id)
Hibernate: alter table orders_order_items add constraint FK3l8rktw0f4w5t6tift31e2d7c foreign key (order_id) references orders (id)
Hibernate: alter table rating add constraint FK7y1acs6la7vkgb5ulm44729sc foreign key (book_id) references book (id)
Hibernate: alter table users_orders add constraint FKo2osv03kxanvvu12txosfssj6 foreign key (order_id) references orders (id)
Hibernate: alter table users_orders add constraint FKms88pdhtsiuuusjpeij73f6df foreign key (user_id) references users (id)
Hibernate: alter table users_roles add constraint FKt4v0rrweyk393bdgt107vdx0x foreign key (role_id) references role (id)
Hibernate: alter table users_roles add constraint FK2o0jvgh89lemvvo17cbqvdxaa foreign key (user_id) references users (id)
2023-10-30T10:58:55.451+02:00  INFO 78006 --- [           main] j.LocalContainerEntityManagerFactoryBean : Initialized JPA EntityManagerFactory for persistence unit 'default'
2023-10-30T10:58:56.045+02:00  WARN 78006 --- [           main] JpaBaseConfiguration$JpaWebConfiguration : spring.jpa.open-in-view is enabled by default. Therefore, database queries may be performed during view rendering. Explicitly configure spring.jpa.open-in-view to disable this warning
2023-10-30T10:58:56.310+02:00  INFO 78006 --- [           main] c.d.bookshelf.BookshelfApplicationTests  : Started BookshelfApplicationTests in 7.846 seconds (process running for 8.43)
]]></system-out>
  </testcase>
</testsuite>