<?xml version="1.0" encoding="UTF-8"?>
<testsuite xmlns:xsi="http://www.w3.org/2001/XMLSchema-instance" xsi:noNamespaceSchemaLocation="https://maven.apache.org/surefire/maven-surefire-plugin/xsd/surefire-test-report-3.0.xsd" version="3.0" name="com.dogmax.bookshelf.BookshelfApplicationTests" time="2.863" tests="1" errors="0" skipped="0" failures="0">
  <properties>
[...]
</properties>
  <testcase name="contextLoads" classname="com.dogmax.bookshelf.BookshelfApplicationTests" time="0.319">
    <system-out><![CDATA[20:11:18.113 [main] INFO org.springframework.test.context.support.AnnotationConfigContextLoaderUtils -- Could not detect default configuration classes for test class [com.dogmax.bookshelf.BookshelfApplicationTests]: BookshelfApplicationTests does not declare any static, non-private, non-final, nested classes annotated with @Configuration.
20:11:18.161 [main] INFO org.springframework.boot.test.context.SpringBootTestContextBootstrapper -- Found @SpringBootConfiguration com.dogmax.bookshelf.BookshelfApplication for test class com.dogmax.bookshelf.BookshelfApplicationTests

  .   ____          _            __ _ _
 /\\ / ___'_ __ _ _(_)_ __  __ _ \ \ \ \
( ( )\___ | '_ | '_| | '_ \/ _` | \ \ \ \
 \\/  ___)| |_)| | | | | || (_| |  ) ) ) )
  '  |____| .__|_| |_|_| |_\__, | / / / /
 =========|_|==============|___/=/_/_/_/
 :: Spring Boot ::                (v3.1.4)

2023-10-28T20:11:18.380+03:00  INFO 57250 --- [           main] c.d.bookshelf.BookshelfApplicationTests  : Starting BookshelfApplicationTests using Java 17.0.4 with PID 57250 (started by Maxim in /Users/Maxim/Documents/Java_Development/KHNURE/bookshelf)
2023-10-28T20:11:18.381+03:00  INFO 57250 --- [           main] c.d.bookshelf.BookshelfApplicationTests  : No active profile set, falling back to 1 default profile: "default"
2023-10-28T20:11:18.865+03:00  INFO 57250 --- [           main] .s.d.r.c.RepositoryConfigurationDelegate : Bootstrapping Spring Data JPA repositories in DEFAULT mode.
2023-10-28T20:11:18.903+03:00  INFO 57250 --- [           main] .s.d.r.c.RepositoryConfigurationDelegate : Finished Spring Data repository scanning in 34 ms. Found 10 JPA repository interfaces.
2023-10-28T20:11:19.136+03:00  INFO 57250 --- [           main] o.hibernate.jpa.internal.util.LogHelper  : HHH000204: Processing PersistenceUnitInfo [name: default]
2023-10-28T20:11:19.167+03:00  INFO 57250 --- [           main] org.hibernate.Version                    : HHH000412: Hibernate ORM core version 6.2.9.Final
2023-10-28T20:11:19.169+03:00  INFO 57250 --- [           main] org.hibernate.cfg.Environment            : HHH000406: Using bytecode reflection optimizer
2023-10-28T20:11:19.248+03:00  INFO 57250 --- [           main] o.h.b.i.BytecodeProviderInitiator        : HHH000021: Bytecode provider name : bytebuddy
2023-10-28T20:11:19.307+03:00  INFO 57250 --- [           main] o.s.o.j.p.SpringPersistenceUnitInfo      : No LoadTimeWeaver setup: ignoring JPA class transformer
2023-10-28T20:11:19.322+03:00  INFO 57250 --- [           main] com.zaxxer.hikari.HikariDataSource       : HikariPool-1 - Starting...
2023-10-28T20:11:19.412+03:00  INFO 57250 --- [           main] com.zaxxer.hikari.pool.HikariPool        : HikariPool-1 - Added connection conn0: url=jdbc:h2:mem:bookshelfdb user=MAX
2023-10-28T20:11:19.413+03:00  INFO 57250 --- [           main] com.zaxxer.hikari.HikariDataSource       : HikariPool-1 - Start completed.
2023-10-28T20:11:19.564+03:00  INFO 57250 --- [           main] o.h.b.i.BytecodeProviderInitiator        : HHH000021: Bytecode provider name : bytebuddy
2023-10-28T20:11:19.960+03:00  INFO 57250 --- [           main] o.h.e.t.j.p.i.JtaPlatformInitiator       : HHH000490: Using JtaPlatform implementation: [org.hibernate.engine.transaction.jta.platform.internal.NoJtaPlatform]
Hibernate: drop table if exists author cascade 
Hibernate: drop table if exists book cascade 
Hibernate: drop table if exists books_authors cascade 
Hibernate: drop table if exists books_formats cascade 
Hibernate: drop table if exists books_genres cascade 
Hibernate: drop table if exists books_languages cascade 
Hibernate: drop table if exists format cascade 
Hibernate: drop table if exists genre cascade 
Hibernate: drop table if exists language cascade 
Hibernate: drop table if exists order_item cascade 
Hibernate: drop table if exists orders cascade 
Hibernate: drop table if exists orders_order_items cascade 
Hibernate: drop table if exists rating cascade 
Hibernate: drop table if exists role cascade 
Hibernate: drop table if exists users cascade 
Hibernate: drop table if exists users_orders cascade 
Hibernate: drop table if exists users_roles cascade 
Hibernate: create table author (id bigint generated by default as identity, first_name varchar(255), last_name varchar(255), middle_name varchar(255), primary key (id))
Hibernate: create table book (price numeric(38,2), publication_year integer, quantity numeric(38,2), rating numeric(38,2), id bigint generated by default as identity, cover_image_link varchar(255), description varchar(255), isbn varchar(255), name varchar(255), primary key (id))
Hibernate: create table books_authors (author_id bigint not null, book_id bigint not null, primary key (author_id, book_id))
Hibernate: create table books_formats (book_id bigint not null, format_id bigint not null, primary key (book_id, format_id))
Hibernate: create table books_genres (book_id bigint not null, genre_id bigint not null, primary key (book_id, genre_id))
Hibernate: create table books_languages (book_id bigint not null, language_id bigint not null, primary key (book_id, language_id))
Hibernate: create table format (id bigint generated by default as identity, format varchar(255), primary key (id))
Hibernate: create table genre (id bigint generated by default as identity, genre varchar(255), primary key (id))
Hibernate: create table language (id bigint generated by default as identity, language varchar(255), primary key (id))
Hibernate: create table order_item (quantity numeric(38,2), sum numeric(38,2), book_id bigint unique, id bigint generated by default as identity, primary key (id))
Hibernate: create table orders (id bigint generated by default as identity, status varchar(255), primary key (id))
Hibernate: create table orders_order_items (order_id bigint not null, order_item_id bigint not null unique)
Hibernate: create table rating (mark numeric(38,2) check ((mark>=0) and (mark<=10)), book_id bigint, id bigint generated by default as identity, primary key (id))
Hibernate: create table role (id bigint generated by default as identity, role varchar(255), primary key (id))
Hibernate: create table users (id bigint generated by default as identity, login varchar(255), password varchar(255), status varchar(255), primary key (id))
Hibernate: create table users_orders (order_id bigint not null unique, user_id bigint not null)
Hibernate: create table users_roles (role_id bigint not null, user_id bigint not null)
Hibernate: alter table if exists books_authors add constraint FKov77rfnon6gwd8emlsah05qty foreign key (author_id) references author
Hibernate: alter table if exists books_authors add constraint FK6ojkw2gy23xsgdkqih628favt foreign key (book_id) references book
Hibernate: alter table if exists books_formats add constraint FKlmwr0o4d4mwtpfpl2efqpup47 foreign key (format_id) references format
Hibernate: alter table if exists books_formats add constraint FKfwydf52vjww7b7n6pu0ca7aaq foreign key (book_id) references book
Hibernate: alter table if exists books_genres add constraint FKm0yqdd4t2neamf9s7pe9pqg19 foreign key (genre_id) references genre
Hibernate: alter table if exists books_genres add constraint FKih47hjfsl8cfacjhocsvbipfe foreign key (book_id) references book
Hibernate: alter table if exists books_languages add constraint FKtftc8brci5d89mgpwll13sjc8 foreign key (language_id) references language
Hibernate: alter table if exists books_languages add constraint FKcsky2tr3gvhsm2ywddesf4w1a foreign key (book_id) references book
Hibernate: alter table if exists order_item add constraint FKb033an1f8qmpbnfl0a6jb5njs foreign key (book_id) references book
Hibernate: alter table if exists orders_order_items add constraint FKqy45n39rqnmg7hq4v5ql98pb1 foreign key (order_item_id) references order_item
Hibernate: alter table if exists orders_order_items add constraint FK3l8rktw0f4w5t6tift31e2d7c foreign key (order_id) references orders
Hibernate: alter table if exists rating add constraint FK7y1acs6la7vkgb5ulm44729sc foreign key (book_id) references book
Hibernate: alter table if exists users_orders add constraint FKo2osv03kxanvvu12txosfssj6 foreign key (order_id) references orders
Hibernate: alter table if exists users_orders add constraint FKms88pdhtsiuuusjpeij73f6df foreign key (user_id) references users
Hibernate: alter table if exists users_roles add constraint FKt4v0rrweyk393bdgt107vdx0x foreign key (role_id) references role
Hibernate: alter table if exists users_roles add constraint FK2o0jvgh89lemvvo17cbqvdxaa foreign key (user_id) references users
2023-10-28T20:11:20.007+03:00  INFO 57250 --- [           main] j.LocalContainerEntityManagerFactoryBean : Initialized JPA EntityManagerFactory for persistence unit 'default'
2023-10-28T20:11:20.391+03:00  WARN 57250 --- [           main] JpaBaseConfiguration$JpaWebConfiguration : spring.jpa.open-in-view is enabled by default. Therefore, database queries may be performed during view rendering. Explicitly configure spring.jpa.open-in-view to disable this warning
2023-10-28T20:11:20.550+03:00  INFO 57250 --- [           main] o.s.b.a.h2.H2ConsoleAutoConfiguration    : H2 console available at '/db'. Database available at 'jdbc:h2:mem:bookshelfdb'
2023-10-28T20:11:20.571+03:00  INFO 57250 --- [           main] c.d.bookshelf.BookshelfApplicationTests  : Started BookshelfApplicationTests in 2.343 seconds (process running for 2.864)
]]></system-out>
  </testcase>
</testsuite>